#! /usr/bin/vvp
:ivl_version "10.1 (stable)";
:ivl_delay_selection "TYPICAL";
:vpi_time_precision + 0;
:vpi_module "system";
:vpi_module "vhdl_sys";
:vpi_module "v2005_math";
:vpi_module "va_math";
S_0x55c9ace9b500 .scope module, "tb_dlatch" "tb_dlatch" 2 1;
 .timescale 0 0;
v0x55c9acebbfb0_0 .var "D", 0 0;
v0x55c9acebc080_0 .var "En", 0 0;
v0x55c9acebc150_0 .net "Q", 0 0, v0x55c9acebb9e0_0;  1 drivers
E_0x55c9ace96580 .event edge, v0x55c9acebb9e0_0;
S_0x55c9ace9b680 .scope module, "dl1" "dlatch_b" 2 5, 3 1 0, S_0x55c9ace9b500;
 .timescale 0 0;
    .port_info 0 /INPUT 1 "D"
    .port_info 1 /INPUT 1 "En"
    .port_info 2 /OUTPUT 1 "Q"
v0x55c9ace9b8a0_0 .net "D", 0 0, v0x55c9acebbfb0_0;  1 drivers
v0x55c9acebb920_0 .net "En", 0 0, v0x55c9acebc080_0;  1 drivers
v0x55c9acebb9e0_0 .var "Q", 0 0;
v0x55c9acebba80_0 .var *"_s0", 0 0; Local signal
E_0x55c9ace5d8a0 .event edge, v0x55c9ace9b8a0_0;
S_0x55c9acebbbe0 .scope task, "fail" "fail" 2 36, 2 36 0, S_0x55c9ace9b500;
 .timescale 0 0;
TD_tb_dlatch.fail ;
    %vpi_call 2 38 "$display", $time, ". Module D-Latch Fail. Q: %b, D: %b", v0x55c9acebc150_0, v0x55c9acebbfb0_0 {0 0 0};
    %end;
S_0x55c9acebbdb0 .scope task, "pass" "pass" 2 42, 2 42 0, S_0x55c9ace9b500;
 .timescale 0 0;
TD_tb_dlatch.pass ;
    %vpi_call 2 44 "$display", $time, ". Module D-Latch Pass. Q: %b, D: %b", v0x55c9acebc150_0, v0x55c9acebbfb0_0 {0 0 0};
    %end;
    .scope S_0x55c9ace9b680;
T_2 ;
    %wait E_0x55c9ace5d8a0;
    %load/vec4 v0x55c9acebb920_0;
    %flag_set/vec4 8;
    %jmp/0xz  T_2.0, 8;
    %load/vec4 v0x55c9ace9b8a0_0;
    %store/vec4 v0x55c9acebba80_0, 0, 1;
    %pushi/vec4 5, 0, 64;
    %ix/vec4 4;
    %delayx 4;
    %load/vec4 v0x55c9acebba80_0;
    %store/vec4 v0x55c9acebb9e0_0, 0, 1;
T_2.0 ;
    %jmp T_2;
    .thread T_2, $push;
    .scope S_0x55c9ace9b500;
T_3 ;
    %pushi/vec4 0, 0, 1;
    %store/vec4 v0x55c9acebc080_0, 0, 1;
T_3.0 ;
    %delay 5, 0;
    %load/vec4 v0x55c9acebc080_0;
    %inv;
    %store/vec4 v0x55c9acebc080_0, 0, 1;
    %jmp T_3.0;
    %end;
    .thread T_3;
    .scope S_0x55c9ace9b500;
T_4 ;
    %pushi/vec4 0, 0, 1;
    %store/vec4 v0x55c9acebbfb0_0, 0, 1;
    %pushi/vec4 8, 0, 32;
T_4.0 %dup/vec4;
    %pushi/vec4 0, 0, 32;
    %cmp/s;
    %jmp/1xz T_4.1, 5;
    %jmp/1 T_4.1, 4;
    %pushi/vec4 1, 0, 32;
    %sub;
    %delay 1, 0;
    %load/vec4 v0x55c9acebbfb0_0;
    %inv;
    %store/vec4 v0x55c9acebbfb0_0, 0, 1;
    %delay 2, 0;
    %load/vec4 v0x55c9acebbfb0_0;
    %inv;
    %store/vec4 v0x55c9acebbfb0_0, 0, 1;
    %delay 4, 0;
    %load/vec4 v0x55c9acebbfb0_0;
    %inv;
    %store/vec4 v0x55c9acebbfb0_0, 0, 1;
    %jmp T_4.0;
T_4.1 ;
    %pop/vec4 1;
    %delay 5, 0;
    %vpi_call 2 22 "$finish" {0 0 0};
    %end;
    .thread T_4;
    .scope S_0x55c9ace9b500;
T_5 ;
    %wait E_0x55c9ace96580;
    %vpi_call 2 28 "$display", $time, ". Q: %b, D: %b", v0x55c9acebc150_0, v0x55c9acebbfb0_0 {0 0 0};
    %load/vec4 v0x55c9acebc150_0;
    %load/vec4 v0x55c9acebbfb0_0;
    %cmp/ne;
    %jmp/0xz  T_5.0, 4;
    %fork TD_tb_dlatch.fail, S_0x55c9acebbbe0;
    %join;
T_5.0 ;
    %jmp T_5;
    .thread T_5, $push;
# The file index is used to find the file name in the following table.
:file_names 4;
    "N/A";
    "<interactive>";
    "tb_dlatch_b.v";
    "dlatch_b.v";
