#! /usr/bin/vvp
:ivl_version "10.1 (stable)";
:ivl_delay_selection "TYPICAL";
:vpi_time_precision + 0;
:vpi_module "system";
:vpi_module "vhdl_sys";
:vpi_module "v2005_math";
:vpi_module "va_math";
S_0x55fa3b633610 .scope module, "tb_Mealy_Zero_Detector" "tb_Mealy_Zero_Detector" 2 1;
 .timescale 0 0;
v0x55fa3b653d60_0 .var "t_clock", 0 0;
v0x55fa3b653e20_0 .var "t_reset", 0 0;
v0x55fa3b653ef0_0 .var "t_x_in", 0 0;
v0x55fa3b653ff0_0 .net "t_y_out", 0 0, v0x55fa3b653c20_0;  1 drivers
S_0x55fa3b633790 .scope module, "M0" "Mealy_Zero_Detector" 2 6, 3 1 0, S_0x55fa3b633610;
 .timescale 0 0;
    .port_info 0 /OUTPUT 1 "y_out"
    .port_info 1 /INPUT 1 "x_in"
    .port_info 2 /INPUT 1 "clock"
    .port_info 3 /INPUT 1 "reset"
P_0x55fa3b6310c0 .param/l "S0" 0 3 8, C4<00>;
P_0x55fa3b631100 .param/l "S1" 0 3 8, C4<01>;
P_0x55fa3b631140 .param/l "S2" 0 3 8, C4<10>;
P_0x55fa3b631180 .param/l "S3" 0 3 8, C4<11>;
v0x55fa3b62f270_0 .net "clock", 0 0, v0x55fa3b653d60_0;  1 drivers
v0x55fa3b62f3a0_0 .var "next_state", 1 0;
v0x55fa3b653990_0 .net "reset", 0 0, v0x55fa3b653e20_0;  1 drivers
v0x55fa3b653a30_0 .var "state", 1 0;
v0x55fa3b653b10_0 .net "x_in", 0 0, v0x55fa3b653ef0_0;  1 drivers
v0x55fa3b653c20_0 .var "y_out", 0 0;
E_0x55fa3b6267d0/0 .event negedge, v0x55fa3b653990_0;
E_0x55fa3b6267d0/1 .event posedge, v0x55fa3b62f270_0;
E_0x55fa3b6267d0 .event/or E_0x55fa3b6267d0/0, E_0x55fa3b6267d0/1;
E_0x55fa3b626a40 .event edge, v0x55fa3b653b10_0, v0x55fa3b653a30_0;
    .scope S_0x55fa3b633790;
T_0 ;
    %wait E_0x55fa3b626a40;
    %load/vec4 v0x55fa3b653a30_0;
    %dup/vec4;
    %pushi/vec4 0, 0, 2;
    %cmp/u;
    %jmp/1 T_0.0, 6;
    %dup/vec4;
    %pushi/vec4 1, 0, 2;
    %cmp/u;
    %jmp/1 T_0.1, 6;
    %dup/vec4;
    %pushi/vec4 2, 0, 2;
    %cmp/u;
    %jmp/1 T_0.2, 6;
    %dup/vec4;
    %pushi/vec4 3, 0, 2;
    %cmp/u;
    %jmp/1 T_0.3, 6;
    %jmp T_0.4;
T_0.0 ;
    %pushi/vec4 0, 0, 1;
    %store/vec4 v0x55fa3b653c20_0, 0, 1;
    %jmp T_0.4;
T_0.1 ;
    %load/vec4 v0x55fa3b653b10_0;
    %inv;
    %store/vec4 v0x55fa3b653c20_0, 0, 1;
    %jmp T_0.4;
T_0.2 ;
    %load/vec4 v0x55fa3b653b10_0;
    %inv;
    %store/vec4 v0x55fa3b653c20_0, 0, 1;
    %jmp T_0.4;
T_0.3 ;
    %load/vec4 v0x55fa3b653b10_0;
    %inv;
    %store/vec4 v0x55fa3b653c20_0, 0, 1;
    %jmp T_0.4;
T_0.4 ;
    %pop/vec4 1;
    %jmp T_0;
    .thread T_0, $push;
    .scope S_0x55fa3b633790;
T_1 ;
    %wait E_0x55fa3b626a40;
    %load/vec4 v0x55fa3b653a30_0;
    %dup/vec4;
    %pushi/vec4 0, 0, 2;
    %cmp/u;
    %jmp/1 T_1.0, 6;
    %dup/vec4;
    %pushi/vec4 1, 0, 2;
    %cmp/u;
    %jmp/1 T_1.1, 6;
    %dup/vec4;
    %pushi/vec4 2, 0, 2;
    %cmp/u;
    %jmp/1 T_1.2, 6;
    %dup/vec4;
    %pushi/vec4 3, 0, 2;
    %cmp/u;
    %jmp/1 T_1.3, 6;
    %jmp T_1.4;
T_1.0 ;
    %load/vec4 v0x55fa3b653b10_0;
    %flag_set/vec4 8;
    %jmp/0xz  T_1.5, 8;
    %pushi/vec4 1, 0, 2;
    %store/vec4 v0x55fa3b62f3a0_0, 0, 2;
    %jmp T_1.6;
T_1.5 ;
    %pushi/vec4 0, 0, 2;
    %store/vec4 v0x55fa3b62f3a0_0, 0, 2;
T_1.6 ;
    %jmp T_1.4;
T_1.1 ;
    %load/vec4 v0x55fa3b653b10_0;
    %flag_set/vec4 8;
    %jmp/0xz  T_1.7, 8;
    %pushi/vec4 3, 0, 2;
    %store/vec4 v0x55fa3b62f3a0_0, 0, 2;
    %jmp T_1.8;
T_1.7 ;
    %pushi/vec4 0, 0, 2;
    %store/vec4 v0x55fa3b62f3a0_0, 0, 2;
T_1.8 ;
    %jmp T_1.4;
T_1.2 ;
    %load/vec4 v0x55fa3b653b10_0;
    %inv;
    %flag_set/vec4 8;
    %jmp/0xz  T_1.9, 8;
    %pushi/vec4 0, 0, 2;
    %store/vec4 v0x55fa3b62f3a0_0, 0, 2;
    %jmp T_1.10;
T_1.9 ;
    %pushi/vec4 2, 0, 2;
    %store/vec4 v0x55fa3b62f3a0_0, 0, 2;
T_1.10 ;
    %jmp T_1.4;
T_1.3 ;
    %load/vec4 v0x55fa3b653b10_0;
    %flag_set/vec4 8;
    %jmp/0xz  T_1.11, 8;
    %pushi/vec4 2, 0, 2;
    %store/vec4 v0x55fa3b62f3a0_0, 0, 2;
    %jmp T_1.12;
T_1.11 ;
    %pushi/vec4 0, 0, 2;
    %store/vec4 v0x55fa3b62f3a0_0, 0, 2;
T_1.12 ;
    %jmp T_1.4;
T_1.4 ;
    %pop/vec4 1;
    %jmp T_1;
    .thread T_1, $push;
    .scope S_0x55fa3b633790;
T_2 ;
    %wait E_0x55fa3b6267d0;
    %load/vec4 v0x55fa3b653990_0;
    %nor/r;
    %pad/u 32;
    %cmpi/e 0, 0, 32;
    %jmp/0xz  T_2.0, 4;
    %pushi/vec4 0, 0, 2;
    %assign/vec4 v0x55fa3b653a30_0, 0;
    %jmp T_2.1;
T_2.0 ;
    %load/vec4 v0x55fa3b62f3a0_0;
    %assign/vec4 v0x55fa3b653a30_0, 0;
T_2.1 ;
    %jmp T_2;
    .thread T_2;
    .scope S_0x55fa3b633610;
T_3 ;
    %delay 200, 0;
    %vpi_call 2 8 "$finish" {0 0 0};
    %end;
    .thread T_3;
    .scope S_0x55fa3b633610;
T_4 ;
    %pushi/vec4 0, 0, 1;
    %store/vec4 v0x55fa3b653d60_0, 0, 1;
    %vpi_call 2 13 "$dumpfile", "Mealy_Zero_Detector.vcd" {0 0 0};
    %vpi_call 2 14 "$dumpvars", 32'sb00000000000000000000000000000000, S_0x55fa3b633790 {0 0 0};
T_4.0 ;
    %delay 5, 0;
    %load/vec4 v0x55fa3b653d60_0;
    %inv;
    %store/vec4 v0x55fa3b653d60_0, 0, 1;
    %jmp T_4.0;
    %end;
    .thread T_4;
    .scope S_0x55fa3b633610;
T_5 ;
    %fork t_1, S_0x55fa3b633610;
    %fork t_2, S_0x55fa3b633610;
    %fork t_3, S_0x55fa3b633610;
    %fork t_4, S_0x55fa3b633610;
    %fork t_5, S_0x55fa3b633610;
    %fork t_6, S_0x55fa3b633610;
    %fork t_7, S_0x55fa3b633610;
    %fork t_8, S_0x55fa3b633610;
    %fork t_9, S_0x55fa3b633610;
    %fork t_10, S_0x55fa3b633610;
    %fork t_11, S_0x55fa3b633610;
    %join;
    %join;
    %join;
    %join;
    %join;
    %join;
    %join;
    %join;
    %join;
    %join;
    %join;
    %jmp t_0;
t_1 ;
    %pushi/vec4 0, 0, 1;
    %store/vec4 v0x55fa3b653e20_0, 0, 1;
    %end;
t_2 ;
    %delay 2, 0;
    %pushi/vec4 1, 0, 1;
    %store/vec4 v0x55fa3b653e20_0, 0, 1;
    %end;
t_3 ;
    %delay 10, 0;
    %pushi/vec4 1, 0, 1;
    %store/vec4 v0x55fa3b653ef0_0, 0, 1;
    %end;
t_4 ;
    %delay 30, 0;
    %pushi/vec4 0, 0, 1;
    %store/vec4 v0x55fa3b653ef0_0, 0, 1;
    %end;
t_5 ;
    %delay 40, 0;
    %pushi/vec4 1, 0, 1;
    %store/vec4 v0x55fa3b653ef0_0, 0, 1;
    %end;
t_6 ;
    %delay 50, 0;
    %pushi/vec4 0, 0, 1;
    %store/vec4 v0x55fa3b653ef0_0, 0, 1;
    %end;
t_7 ;
    %delay 52, 0;
    %pushi/vec4 1, 0, 1;
    %store/vec4 v0x55fa3b653ef0_0, 0, 1;
    %end;
t_8 ;
    %delay 54, 0;
    %pushi/vec4 0, 0, 1;
    %store/vec4 v0x55fa3b653ef0_0, 0, 1;
    %end;
t_9 ;
    %delay 70, 0;
    %pushi/vec4 1, 0, 1;
    %store/vec4 v0x55fa3b653ef0_0, 0, 1;
    %end;
t_10 ;
    %delay 80, 0;
    %pushi/vec4 0, 0, 1;
    %store/vec4 v0x55fa3b653ef0_0, 0, 1;
    %end;
t_11 ;
    %delay 90, 0;
    %pushi/vec4 1, 0, 1;
    %store/vec4 v0x55fa3b653ef0_0, 0, 1;
    %end;
    .scope S_0x55fa3b633610;
t_0 ;
    %end;
    .thread T_5;
# The file index is used to find the file name in the following table.
:file_names 4;
    "N/A";
    "<interactive>";
    "tb_Mealy_Zero_Detector.v";
    "Mealy_Zero_Detector.v";
