#! /usr/bin/vvp
:ivl_version "10.1 (stable)";
:ivl_delay_selection "TYPICAL";
:vpi_time_precision + 0;
:vpi_module "system";
:vpi_module "vhdl_sys";
:vpi_module "v2005_math";
:vpi_module "va_math";
S_0x55ae130d2470 .scope module, "tb_jkff_dff" "tb_jkff_dff" 2 1;
 .timescale 0 0;
v0x55ae130f33c0_0 .var "Clk", 0 0;
v0x55ae130f3480_0 .var "J", 0 0;
v0x55ae130f3540_0 .var "K", 0 0;
v0x55ae130f3610_0 .net "Q", 0 0, v0x55ae130f2910_0;  1 drivers
v0x55ae130f3700_0 .var "rst", 0 0;
S_0x55ae130d25f0 .scope module, "tff1" "jkff_dff" 2 6, 3 2 0, S_0x55ae130d2470;
 .timescale 0 0;
    .port_info 0 /INPUT 1 "J"
    .port_info 1 /INPUT 1 "K"
    .port_info 2 /INPUT 1 "Clk"
    .port_info 3 /INPUT 1 "rst"
    .port_info 4 /OUTPUT 1 "Q"
L_0x55ae130f38e0 .functor AND 1, L_0x55ae130f3840, v0x55ae130f3480_0, C4<1>, C4<1>;
L_0x55ae130f3ae0 .functor AND 1, L_0x55ae130f39f0, v0x55ae130f2910_0, C4<1>, C4<1>;
L_0x55ae130f3ba0 .functor OR 1, L_0x55ae130f38e0, L_0x55ae130f3ae0, C4<0>, C4<0>;
v0x55ae130f2b50_0 .net "Clk", 0 0, v0x55ae130f33c0_0;  1 drivers
v0x55ae130f2c10_0 .net "D", 0 0, L_0x55ae130f3ba0;  1 drivers
v0x55ae130f2ce0_0 .net "J", 0 0, v0x55ae130f3480_0;  1 drivers
v0x55ae130f2db0_0 .net "K", 0 0, v0x55ae130f3540_0;  1 drivers
v0x55ae130f2e50_0 .net "Q", 0 0, v0x55ae130f2910_0;  alias, 1 drivers
v0x55ae130f2f40_0 .net *"_s1", 0 0, L_0x55ae130f3840;  1 drivers
v0x55ae130f2fe0_0 .net *"_s2", 0 0, L_0x55ae130f38e0;  1 drivers
v0x55ae130f30a0_0 .net *"_s5", 0 0, L_0x55ae130f39f0;  1 drivers
v0x55ae130f3160_0 .net *"_s6", 0 0, L_0x55ae130f3ae0;  1 drivers
v0x55ae130f3240_0 .net "rst", 0 0, v0x55ae130f3700_0;  1 drivers
L_0x55ae130f3840 .reduce/nor v0x55ae130f2910_0;
L_0x55ae130f39f0 .reduce/nor v0x55ae130f3540_0;
S_0x55ae130d27f0 .scope module, "dff" "D_FF" 3 7, 4 3 0, S_0x55ae130d25f0;
 .timescale 0 0;
    .port_info 0 /INPUT 1 "D"
    .port_info 1 /INPUT 1 "Clk"
    .port_info 2 /INPUT 1 "rst"
    .port_info 3 /OUTPUT 1 "Q"
v0x55ae130d2a30_0 .net "Clk", 0 0, v0x55ae130f33c0_0;  alias, 1 drivers
v0x55ae130f2850_0 .net "D", 0 0, L_0x55ae130f3ba0;  alias, 1 drivers
v0x55ae130f2910_0 .var "Q", 0 0;
v0x55ae130f29e0_0 .net "rst", 0 0, v0x55ae130f3700_0;  alias, 1 drivers
E_0x55ae130c7770/0 .event negedge, v0x55ae130f29e0_0;
E_0x55ae130c7770/1 .event posedge, v0x55ae130d2a30_0;
E_0x55ae130c7770 .event/or E_0x55ae130c7770/0, E_0x55ae130c7770/1;
    .scope S_0x55ae130d27f0;
T_0 ;
    %wait E_0x55ae130c7770;
    %load/vec4 v0x55ae130f29e0_0;
    %nor/r;
    %flag_set/vec4 8;
    %jmp/0xz  T_0.0, 8;
    %pushi/vec4 0, 0, 1;
    %assign/vec4 v0x55ae130f2910_0, 0;
    %jmp T_0.1;
T_0.0 ;
    %load/vec4 v0x55ae130f2850_0;
    %assign/vec4 v0x55ae130f2910_0, 0;
T_0.1 ;
    %jmp T_0;
    .thread T_0;
    .scope S_0x55ae130d2470;
T_1 ;
    %pushi/vec4 1, 0, 1;
    %store/vec4 v0x55ae130f3700_0, 0, 1;
    %delay 1, 0;
    %pushi/vec4 0, 0, 1;
    %store/vec4 v0x55ae130f3700_0, 0, 1;
    %delay 1, 0;
    %pushi/vec4 1, 0, 1;
    %store/vec4 v0x55ae130f3700_0, 0, 1;
    %end;
    .thread T_1;
    .scope S_0x55ae130d2470;
T_2 ;
    %vpi_call 2 18 "$dumpfile", "jkff_dff.vcd" {0 0 0};
    %vpi_call 2 19 "$dumpvars", 32'sb00000000000000000000000000000000, S_0x55ae130d2470 {0 0 0};
    %pushi/vec4 0, 0, 1;
    %store/vec4 v0x55ae130f33c0_0, 0, 1;
T_2.0 ;
    %delay 5, 0;
    %load/vec4 v0x55ae130f33c0_0;
    %inv;
    %store/vec4 v0x55ae130f33c0_0, 0, 1;
    %jmp T_2.0;
    %end;
    .thread T_2;
    .scope S_0x55ae130d2470;
T_3 ;
    %pushi/vec4 0, 0, 1;
    %store/vec4 v0x55ae130f3480_0, 0, 1;
    %pushi/vec4 0, 0, 1;
    %store/vec4 v0x55ae130f3540_0, 0, 1;
    %delay 10, 0;
    %pushi/vec4 0, 0, 1;
    %store/vec4 v0x55ae130f3480_0, 0, 1;
    %pushi/vec4 1, 0, 1;
    %store/vec4 v0x55ae130f3540_0, 0, 1;
    %delay 10, 0;
    %pushi/vec4 1, 0, 1;
    %store/vec4 v0x55ae130f3480_0, 0, 1;
    %pushi/vec4 0, 0, 1;
    %store/vec4 v0x55ae130f3540_0, 0, 1;
    %delay 10, 0;
    %pushi/vec4 1, 0, 1;
    %store/vec4 v0x55ae130f3480_0, 0, 1;
    %pushi/vec4 1, 0, 1;
    %store/vec4 v0x55ae130f3540_0, 0, 1;
    %delay 10, 0;
    %vpi_call 2 31 "$finish" {0 0 0};
    %end;
    .thread T_3;
# The file index is used to find the file name in the following table.
:file_names 5;
    "N/A";
    "<interactive>";
    "tb_jkff_dff.v";
    "jkff_dff.v";
    "dff.v";
