#! /usr/bin/vvp
:ivl_version "10.1 (stable)";
:ivl_delay_selection "TYPICAL";
:vpi_time_precision + 0;
:vpi_module "system";
:vpi_module "vhdl_sys";
:vpi_module "v2005_math";
:vpi_module "va_math";
S_0x559a3ac0e320 .scope module, "tb_mem1k" "tb_mem1k" 2 1;
 .timescale 0 0;
v0x559a3ac2ec00_0 .var "clk", 0 0;
v0x559a3ac2ecc0_0 .var "cs", 0 0;
v0x559a3ac2ed90_0 .var "data_in", 7 0;
v0x559a3ac2ee90_0 .net "data_out", 7 0, L_0x559a3ac2f2c0;  1 drivers
v0x559a3ac2ef60_0 .var "rd", 0 0;
v0x559a3ac2f050_0 .var "read_address", 9 0;
v0x559a3ac2f120_0 .var "wr", 0 0;
v0x559a3ac2f1f0_0 .var "write_address", 9 0;
S_0x559a3ac0e4a0 .scope module, "MEMORY" "mem1k" 2 9, 3 1 0, S_0x559a3ac0e320;
 .timescale 0 0;
    .port_info 0 /INPUT 8 "data_in"
    .port_info 1 /INPUT 10 "write_address"
    .port_info 2 /INPUT 10 "read_address"
    .port_info 3 /OUTPUT 8 "data_out"
    .port_info 4 /INPUT 1 "rd"
    .port_info 5 /INPUT 1 "wr"
    .port_info 6 /INPUT 1 "cs"
    .port_info 7 /INPUT 1 "clk"
L_0x559a3ac2f2c0 .functor BUFZ 8, v0x559a3ac2e430_0, C4<00000000>, C4<00000000>, C4<00000000>;
v0x559a3ac0a890_0 .net "clk", 0 0, v0x559a3ac2ec00_0;  1 drivers
v0x559a3ac2e370_0 .net "cs", 0 0, v0x559a3ac2ecc0_0;  1 drivers
v0x559a3ac2e430_0 .var "d_out", 7 0;
v0x559a3ac2e4f0_0 .net "data_in", 7 0, v0x559a3ac2ed90_0;  1 drivers
v0x559a3ac2e5d0_0 .net "data_out", 7 0, L_0x559a3ac2f2c0;  alias, 1 drivers
v0x559a3ac2e700 .array "memory_array", 1023 0, 7 0;
v0x559a3ac2e7c0_0 .net "rd", 0 0, v0x559a3ac2ef60_0;  1 drivers
v0x559a3ac2e880_0 .net "read_address", 9 0, v0x559a3ac2f050_0;  1 drivers
v0x559a3ac2e960_0 .net "wr", 0 0, v0x559a3ac2f120_0;  1 drivers
v0x559a3ac2ea20_0 .net "write_address", 9 0, v0x559a3ac2f1f0_0;  1 drivers
E_0x559a3abffd70 .event posedge, v0x559a3ac0a890_0;
    .scope S_0x559a3ac0e4a0;
T_0 ;
    %vpi_call 3 12 "$readmemb", "mem.dat", v0x559a3ac2e700, 32'sb00000000000000000000000000000000, 32'sb00000000000000000000001111111111 {0 0 0};
    %end;
    .thread T_0;
    .scope S_0x559a3ac0e4a0;
T_1 ;
    %wait E_0x559a3abffd70;
    %load/vec4 v0x559a3ac2e370_0;
    %load/vec4 v0x559a3ac2e7c0_0;
    %and;
    %flag_set/vec4 8;
    %jmp/0xz  T_1.0, 8;
    %load/vec4 v0x559a3ac2e960_0;
    %pushi/vec4 1, 0, 1;
    %cmp/e;
    %flag_get/vec4 4;
    %load/vec4 v0x559a3ac2e880_0;
    %load/vec4 v0x559a3ac2ea20_0;
    %cmp/e;
    %flag_get/vec4 4;
    %and;
    %flag_set/vec4 8;
    %jmp/0xz  T_1.2, 8;
    %pushi/vec4 255, 255, 8;
    %store/vec4 v0x559a3ac2e430_0, 0, 8;
    %jmp T_1.3;
T_1.2 ;
    %load/vec4 v0x559a3ac2e880_0;
    %pad/u 12;
    %ix/vec4 4;
    %load/vec4a v0x559a3ac2e700, 4;
    %store/vec4 v0x559a3ac2e430_0, 0, 8;
T_1.3 ;
T_1.0 ;
    %jmp T_1;
    .thread T_1;
    .scope S_0x559a3ac0e4a0;
T_2 ;
    %wait E_0x559a3abffd70;
    %load/vec4 v0x559a3ac2e370_0;
    %load/vec4 v0x559a3ac2e960_0;
    %and;
    %flag_set/vec4 8;
    %jmp/0xz  T_2.0, 8;
    %load/vec4 v0x559a3ac2e4f0_0;
    %load/vec4 v0x559a3ac2ea20_0;
    %pad/u 12;
    %ix/vec4 4;
    %store/vec4a v0x559a3ac2e700, 4, 0;
T_2.0 ;
    %jmp T_2;
    .thread T_2;
    .scope S_0x559a3ac0e320;
T_3 ;
    %pushi/vec4 0, 0, 1;
    %store/vec4 v0x559a3ac2ec00_0, 0, 1;
    %pushi/vec4 1, 0, 1;
    %store/vec4 v0x559a3ac2ecc0_0, 0, 1;
    %pushi/vec4 0, 0, 1;
    %store/vec4 v0x559a3ac2ef60_0, 0, 1;
    %pushi/vec4 0, 0, 1;
    %store/vec4 v0x559a3ac2f120_0, 0, 1;
    %pushi/vec4 0, 0, 10;
    %store/vec4 v0x559a3ac2f050_0, 0, 10;
    %pushi/vec4 0, 0, 10;
    %store/vec4 v0x559a3ac2f1f0_0, 0, 10;
    %pushi/vec4 0, 0, 8;
    %store/vec4 v0x559a3ac2ed90_0, 0, 8;
T_3.0 ;
    %delay 5, 0;
    %load/vec4 v0x559a3ac2ec00_0;
    %inv;
    %store/vec4 v0x559a3ac2ec00_0, 0, 1;
    %jmp T_3.0;
    %end;
    .thread T_3;
    .scope S_0x559a3ac0e320;
T_4 ;
    %vpi_call 2 24 "$dumpfile", "mem.vcd" {0 0 0};
    %vpi_call 2 25 "$dumpvars", 32'sb00000000000000000000000000000000, S_0x559a3ac0e320 {0 0 0};
    %delay 250, 0;
    %vpi_call 2 27 "$finish" {0 0 0};
    %end;
    .thread T_4;
    .scope S_0x559a3ac0e320;
T_5 ;
    %delay 10, 0;
    %pushi/vec4 1, 0, 1;
    %store/vec4 v0x559a3ac2ef60_0, 0, 1;
    %pushi/vec4 1, 0, 1;
    %store/vec4 v0x559a3ac2f120_0, 0, 1;
    %pushi/vec4 20, 0, 32;
T_5.0 %dup/vec4;
    %pushi/vec4 0, 0, 32;
    %cmp/s;
    %jmp/1xz T_5.1, 5;
    %jmp/1 T_5.1, 4;
    %pushi/vec4 1, 0, 32;
    %sub;
    %delay 10, 0;
    %vpi_func 2 38 "$random" 32 {0 0 0};
    %pushi/vec4 1024, 0, 32;
    %mod/s;
    %pad/s 10;
    %store/vec4 v0x559a3ac2f050_0, 0, 10;
    %vpi_func 2 39 "$random" 32 {0 0 0};
    %pushi/vec4 1024, 0, 32;
    %mod/s;
    %addi 100, 0, 32;
    %pushi/vec4 1024, 0, 32;
    %mod/s;
    %pad/s 10;
    %store/vec4 v0x559a3ac2f1f0_0, 0, 10;
    %vpi_func 2 40 "$random" 32 {0 0 0};
    %pushi/vec4 256, 0, 32;
    %mod/s;
    %pad/s 8;
    %store/vec4 v0x559a3ac2ed90_0, 0, 8;
    %jmp T_5.0;
T_5.1 ;
    %pop/vec4 1;
    %delay 10, 0;
    %vpi_func 2 43 "$random" 32 {0 0 0};
    %pushi/vec4 1024, 0, 32;
    %mod/s;
    %pad/s 10;
    %store/vec4 v0x559a3ac2f050_0, 0, 10;
    %load/vec4 v0x559a3ac2f050_0;
    %store/vec4 v0x559a3ac2f1f0_0, 0, 10;
    %end;
    .thread T_5;
# The file index is used to find the file name in the following table.
:file_names 4;
    "N/A";
    "<interactive>";
    "tb_mem1k.v";
    "mem1k.v";
